<?xml version="1.0" encoding="UTF-8"?>
<testsuite xmlns:xsi="http://www.w3.org/2001/XMLSchema-instance" xsi:noNamespaceSchemaLocation="https://maven.apache.org/surefire/maven-surefire-plugin/xsd/surefire-test-report-3.0.xsd" version="3.0" name="guru.springframework.sfgdi.SfgDiApplicationTests" time="2.149" tests="1" errors="0" skipped="0" failures="0">
  <properties>
[...]
</properties>
  <testcase name="contextLoads" classname="guru.springframework.sfgdi.SfgDiApplicationTests" time="0.893">
    <system-out><![CDATA[18:41:17.044 [main] INFO org.springframework.test.context.support.AnnotationConfigContextLoaderUtils -- Could not detect default configuration classes for test class [guru.springframework.sfgdi.SfgDiApplicationTests]: SfgDiApplicationTests does not declare any static, non-private, non-final, nested classes annotated with @Configuration.
18:41:17.203 [main] INFO org.springframework.boot.test.context.SpringBootTestContextBootstrapper -- Found @SpringBootConfiguration guru.springframework.sfgdi.SfgDiApplication for test class guru.springframework.sfgdi.SfgDiApplicationTests

  .   ____          _            __ _ _
 /\\ / ___'_ __ _ _(_)_ __  __ _ \ \ \ \
( ( )\___ | '_ | '_| | '_ \/ _` | \ \ \ \
 \\/  ___)| |_)| | | | | || (_| |  ) ) ) )
  '  |____| .__|_| |_|_| |_\__, | / / / /
 =========|_|==============|___/=/_/_/_/
 :: Spring Boot ::                (v3.1.5)

2023-11-20T18:41:17.646-06:00  INFO 6572 --- [           main] g.s.sfgdi.SfgDiApplicationTests          : Starting SfgDiApplicationTests using Java 20.0.1 with PID 6572 (started by jgrab in C:\Users\jgrab\git\personal\sfg-di)
2023-11-20T18:41:17.648-06:00  INFO 6572 --- [           main] g.s.sfgdi.SfgDiApplicationTests          : No active profile set, falling back to 1 default profile: "default"
2023-11-20T18:41:18.092-06:00  INFO 6572 --- [           main] g.s.sfgdi.SfgDiApplicationTests          : Started SfgDiApplicationTests in 0.699 seconds (process running for 1.792)
]]></system-out>
  </testcase>
</testsuite>